{
  "RSpec": {
    "coverage": {
      "/Users/mac/Desktop/MakersProjects/Weekly_Challenges/Week4/bookmark_manager/bookmark_challenge/spec/bookmark_spec.rb": [
        1,
        null,
        1,
        1,
        1,
        1,
        null,
        1,
        1,
        1,
        null,
        1,
        null,
        1,
        1,
        1,
        null,
        null,
        null
      ],
      "/Users/mac/Desktop/MakersProjects/Weekly_Challenges/Week4/bookmark_manager/bookmark_challenge/spec/features/testing_framework_spec.rb": [
        null,
        null,
        null,
        null,
        null,
        null
      ],
      "/Users/mac/Desktop/MakersProjects/Weekly_Challenges/Week4/bookmark_manager/bookmark_challenge/spec/features/viewing_bookmarks_spec.rb": [
        1,
        1,
        1,
        1,
        1,
        1,
        1,
        1,
        1,
        1,
        null,
        null
      ]
    },
    "timestamp": 1556199576
  }
}
